Determining if the pthread_create exist failed with the following output:
Change Dir: /home/gracejwh/Documents/nyu/cg/assignment-4-gracejwh/build/CMakeFiles/CMakeTmp

Run Build Command:"/usr/bin/make" "cmTC_82304/fast"
/usr/bin/make -f CMakeFiles/cmTC_82304.dir/build.make CMakeFiles/cmTC_82304.dir/build
make[1]: Entering directory '/home/gracejwh/Documents/nyu/cg/assignment-4-gracejwh/build/CMakeFiles/CMakeTmp'
Building C object CMakeFiles/cmTC_82304.dir/CheckSymbolExists.c.o
/usr/bin/cc     -o CMakeFiles/cmTC_82304.dir/CheckSymbolExists.c.o   -c /home/gracejwh/Documents/nyu/cg/assignment-4-gracejwh/build/CMakeFiles/CMakeTmp/CheckSymbolExists.c
Linking C executable cmTC_82304
/usr/bin/cmake -E cmake_link_script CMakeFiles/cmTC_82304.dir/link.txt --verbose=1
/usr/bin/cc       CMakeFiles/cmTC_82304.dir/CheckSymbolExists.c.o  -o cmTC_82304 -rdynamic 
CMakeFiles/cmTC_82304.dir/CheckSymbolExists.c.o: In function `main':
CheckSymbolExists.c:(.text+0x16): undefined reference to `pthread_create'
collect2: error: ld returned 1 exit status
CMakeFiles/cmTC_82304.dir/build.make:97: recipe for target 'cmTC_82304' failed
make[1]: *** [cmTC_82304] Error 1
make[1]: Leaving directory '/home/gracejwh/Documents/nyu/cg/assignment-4-gracejwh/build/CMakeFiles/CMakeTmp'
Makefile:126: recipe for target 'cmTC_82304/fast' failed
make: *** [cmTC_82304/fast] Error 2

File /home/gracejwh/Documents/nyu/cg/assignment-4-gracejwh/build/CMakeFiles/CMakeTmp/CheckSymbolExists.c:
/* */
#include <pthread.h>

int main(int argc, char** argv)
{
  (void)argv;
#ifndef pthread_create
  return ((int*)(&pthread_create))[argc];
#else
  (void)argc;
  return 0;
#endif
}

Determining if the function pthread_create exists in the pthreads failed with the following output:
Change Dir: /home/gracejwh/Documents/nyu/cg/assignment-4-gracejwh/build/CMakeFiles/CMakeTmp

Run Build Command:"/usr/bin/make" "cmTC_3c146/fast"
/usr/bin/make -f CMakeFiles/cmTC_3c146.dir/build.make CMakeFiles/cmTC_3c146.dir/build
make[1]: Entering directory '/home/gracejwh/Documents/nyu/cg/assignment-4-gracejwh/build/CMakeFiles/CMakeTmp'
Building C object CMakeFiles/cmTC_3c146.dir/CheckFunctionExists.c.o
/usr/bin/cc    -DCHECK_FUNCTION_EXISTS=pthread_create   -o CMakeFiles/cmTC_3c146.dir/CheckFunctionExists.c.o   -c /usr/share/cmake-3.5/Modules/CheckFunctionExists.c
Linking C executable cmTC_3c146
/usr/bin/cmake -E cmake_link_script CMakeFiles/cmTC_3c146.dir/link.txt --verbose=1
/usr/bin/cc   -DCHECK_FUNCTION_EXISTS=pthread_create    CMakeFiles/cmTC_3c146.dir/CheckFunctionExists.c.o  -o cmTC_3c146 -rdynamic -lpthreads 
/usr/bin/ld: cannot find -lpthreads
collect2: error: ld returned 1 exit status
CMakeFiles/cmTC_3c146.dir/build.make:97: recipe for target 'cmTC_3c146' failed
make[1]: *** [cmTC_3c146] Error 1
make[1]: Leaving directory '/home/gracejwh/Documents/nyu/cg/assignment-4-gracejwh/build/CMakeFiles/CMakeTmp'
Makefile:126: recipe for target 'cmTC_3c146/fast' failed
make: *** [cmTC_3c146/fast] Error 2


